0 info it worked if it ends with ok
1 verbose cli [ '/Users/mopals/.nvm/versions/io.js/v2.5.0/bin/iojs',
1 verbose cli   '/Users/mopals/.nvm/versions/io.js/v2.5.0/bin/npm',
1 verbose cli   'start' ]
2 info using npm@2.13.2
3 info using node@v2.5.0
4 verbose stack Error: missing script: start
4 verbose stack     at run (/Users/mopals/.nvm/versions/io.js/v2.5.0/lib/node_modules/npm/lib/run-script.js:142:19)
4 verbose stack     at /Users/mopals/.nvm/versions/io.js/v2.5.0/lib/node_modules/npm/lib/run-script.js:58:5
4 verbose stack     at /Users/mopals/.nvm/versions/io.js/v2.5.0/lib/node_modules/npm/node_modules/read-package-json/read-json.js:345:5
4 verbose stack     at checkBinReferences_ (/Users/mopals/.nvm/versions/io.js/v2.5.0/lib/node_modules/npm/node_modules/read-package-json/read-json.js:309:45)
4 verbose stack     at final (/Users/mopals/.nvm/versions/io.js/v2.5.0/lib/node_modules/npm/node_modules/read-package-json/read-json.js:343:3)
4 verbose stack     at then (/Users/mopals/.nvm/versions/io.js/v2.5.0/lib/node_modules/npm/node_modules/read-package-json/read-json.js:113:5)
4 verbose stack     at ReadFileContext.callback (/Users/mopals/.nvm/versions/io.js/v2.5.0/lib/node_modules/npm/node_modules/read-package-json/read-json.js:284:20)
4 verbose stack     at FSReqWrap.readFileAfterOpen [as oncomplete] (evalmachine.<anonymous>:303:13)
5 verbose cwd /Users/mopals/development/angular2-test/angular2-quickstart
6 error Darwin 14.3.0
7 error argv "/Users/mopals/.nvm/versions/io.js/v2.5.0/bin/iojs" "/Users/mopals/.nvm/versions/io.js/v2.5.0/bin/npm" "start"
8 error node v2.5.0
9 error npm  v2.13.2
10 error missing script: start
11 error If you need help, you may report this error at:
11 error     <https://github.com/npm/npm/issues>
12 verbose exit [ 1, true ]
